29012024	12:36:53	4e06261f-b5b9-4da2-8b8c-7642461f977b	GET	/users	undefined
29012024	12:37:25	54067b93-2945-42b4-8bd9-2304787c067a	DELETE	/users	undefined
29012024	12:37:45	70c0df7e-82ad-4552-a207-0d4fb320fb70	GET	/users	undefined
29012024	12:37:50	d636d520-fb00-49ef-8193-044e02483e5a	GET	/users	undefined
29012024	12:38:03	86535a50-2184-436d-8725-702a25e84b8c	DELETE	/users	undefined
29012024	12:38:10	e4de7a93-daa8-45dc-bf61-26b6bb522b15	DELETE	/users	undefined
29012024	12:38:16	17986caa-456e-40e8-b246-40792c8cc266	DELETE	/users	undefined
29012024	12:38:23	5d08e3ea-91d7-49e7-8785-681a7fcc43a5	DELETE	/users	undefined
29012024	12:38:55	ecaef314-5f0b-42d0-8951-e44f2ec818d8	DELETE	/users	undefined
29012024	12:43:21	11308c92-4d6e-4324-91d2-dc83ce2d84d8	GET	/users	undefined
29012024	12:43:56	e2610f0d-cff8-45d8-8e37-4389a01e5814	GET	/users	undefined
29012024	12:54:25	dc32d18e-2359-49f2-a0e8-556c7f7816e2	GET	/users	undefined
29012024	12:55:30	f07d1847-5f3d-4e4e-b317-3375ffec6ebf	GET	/users	undefined
29012024	12:56:29	9e5ff41d-cf0e-4db2-802c-9e8124cf1daa	POST	/users	undefined
29012024	12:56:34	34e70930-f5f9-47be-b9c5-4e28ae5cc942	GET	/users	undefined
29012024	12:57:18	b9759803-4a06-4eb7-a4b8-e77b495b52f9	POST	/users	undefined
29012024	12:57:21	5154f18d-6ab4-4a38-89dd-4437143ccdaf	GET	/users	undefined
29012024	12:59:34	9058b88e-9632-4d2e-80b1-39661204c0dd	GET	/users	undefined
29012024	13:00:08	5daf7180-8813-4392-973a-4046e5fe92b3	POST	/users	undefined
29012024	13:00:28	36ff2259-64e7-4827-8911-0b02cea71e99	POST	/users	undefined
29012024	13:04:12	4d5db6d5-289f-46f4-b84c-726005e659b5	POST	/users	undefined
29012024	13:04:16	2b17beaa-0a1e-4d40-bce1-59e8ba30a759	GET	/users	undefined
29012024	13:09:07	f0bdc4a0-84a1-40d6-92f4-a08cc6110abe	GET	/users	undefined
29012024	13:09:19	4eaa5b27-d868-4151-b507-14ee3d42a5a7	POST	/users	undefined
29012024	13:09:35	01bd30f9-a298-4009-89fd-8bfc12c1f7fa	PUT	/users	undefined
29012024	13:09:40	bbe0bf37-6dd3-4c69-9862-d18dc10fd09f	PATCH	/users	undefined
29012024	13:10:34	fde277ae-42ec-4e7f-9ac6-62047f8259fa	PATCH	/users	undefined
29012024	13:10:44	c26d96c8-74d1-4003-8a3c-034e95cc4ecb	GET	/users	undefined
29012024	13:11:07	9f214226-134b-4652-b4de-e5e2170b74b6	PATCH	/users	undefined
29012024	13:11:20	c280db8d-1aa1-4000-a086-efada39423ca	GET	/users	undefined
29012024	13:11:25	634d1dfe-f85b-4af6-a350-bf7a32d1dccf	GET	/users	undefined
29012024	13:11:47	f3f5962c-6c8c-4555-9007-f672f9756d05	PATCH	/users	undefined
29012024	13:11:59	6d997c5a-a509-4773-8cc5-689e27225810	PATCH	/users	undefined
29012024	13:12:03	eec93e2b-2c51-4b58-8fc3-e50ae10bf670	PATCH	/users	undefined
29012024	13:14:07	e30fcbe8-e7d2-419f-9227-0aa620489551	PATCH	/users	undefined
29012024	13:14:39	5b60bf45-f06c-4525-a718-1d3cd04be51c	PATCH	/users	undefined
29012024	13:14:55	0f4d2c3f-08fc-4b97-869b-14d1c083738a	PATCH	/users	undefined
29012024	13:16:03	d632091d-497d-4bae-a9bc-b3964cf23786	GET	/users	undefined
29012024	13:16:21	27e47ad1-5233-425b-a8de-6880d28ce198	POST	/users	undefined
29012024	13:17:42	a33c032e-df92-4b02-a4b5-2255172e407e	PATCH	/users	undefined
29012024	13:17:45	c2ed77ea-eaed-46b5-89a0-fb7e9334b819	POST	/users	undefined
29012024	13:17:52	05deaec3-b7d5-4438-a4cf-f833186c8f9b	PATCH	/users	undefined
29012024	13:18:23	6cfa9a47-e6d2-40f6-b441-eb93fb6c8705	GET	/users	undefined
29012024	13:18:38	9319abeb-55c1-4b00-b9f0-373ce891110b	PATCH	/users	undefined
29012024	13:18:45	c98f3954-3577-42c0-9a18-fb2fa6cc6063	POST	/users	undefined
29012024	13:19:18	ac86795f-7715-4672-ae51-a0a447cfd667	GET	/users	undefined
29012024	13:19:38	2d5e203c-558d-4bad-86e9-6c732f13c7ae	PATCH	/users	undefined
29012024	13:20:13	76efefef-95fa-40a7-9b94-8e709b54d600	PATCH	/users	undefined
29012024	13:23:06	378860d1-f06f-469e-8997-d62b87616201	POST	/users	undefined
29012024	13:23:11	8fc81bf4-f219-45c1-9ae7-cf0ee4015342	GET	/users	undefined
29012024	13:23:54	3299aad1-e84d-4c4f-904b-17a94ba1466b	GET	/users	undefined
29012024	13:24:20	63a9c17b-2ef1-438b-b0da-870d0ddcce43	PATCH	/users	undefined
29012024	13:25:32	f9f252f7-d735-43c0-ba1e-55b47819adaf	PATCH	/users	undefined
29012024	13:26:21	910ad7c9-0da4-46db-a19f-e1844fa4d53d	PATCH	/users	undefined
29012024	13:26:34	853f301e-3fed-4ad9-95fd-043b979dcce0	PATCH	/users	undefined
29012024	13:28:04	c6bb3b6d-3fdd-4b24-92a9-7d8ff1fb20f8	PATCH	/users	undefined
29012024	13:28:11	4373c86f-8628-459e-8db6-a07a7e898001	POST	/users	undefined
29012024	13:28:21	0486e7b3-4cc5-45a3-b928-ecaa63356ea8	GET	/users	undefined
29012024	13:31:51	e70abc14-9b77-4e50-9f1c-6b4bd9d1d9bb	GET	/users	undefined
29012024	13:32:11	d1934ebb-5daa-4aaa-b058-10f6872b9984	PATCH	/users	undefined
29012024	13:33:13	6a5d2db6-1652-43df-98af-ba2ff9e8ab28	GET	/users	undefined
